<?xml version="1.0" encoding="UTF-8"?>
<testng-results ignored="0" total="1" passed="1" failed="0" skipped="0">
  <reporter-output>
  </reporter-output>
  <suite started-at="2024-04-20T13:00:15 IST" name="Surefire suite" finished-at="2024-04-20T13:00:21 IST" duration-ms="5772">
    <groups>
      <group name="mobile">
        <method signature="To_launch_Motorola_Test.motorola()[pri:0, instance:ST.To_launch_Motorola_Test@1e730495]" name="motorola" class="ST.To_launch_Motorola_Test"/>
      </group> <!-- mobile -->
    </groups>
    <test started-at="2024-04-20T13:00:15 IST" name="Surefire test" finished-at="2024-04-20T13:00:21 IST" duration-ms="5772">
      <class name="ST.To_launch_Motorola_Test">
        <test-method signature="motorola()[pri:0, instance:ST.To_launch_Motorola_Test@1e730495]" started-at="2024-04-20T13:00:15 IST" name="motorola" finished-at="2024-04-20T13:00:21 IST" duration-ms="5716" status="PASS">
          <reporter-output>
          </reporter-output>
        </test-method> <!-- motorola -->
      </class> <!-- ST.To_launch_Motorola_Test -->
    </test> <!-- Surefire test -->
  </suite> <!-- Surefire suite -->
</testng-results>
