<?xml version="1.0" encoding="UTF-8"?>
<testng-results ignored="0" total="1" passed="1" failed="0" skipped="0">
  <reporter-output>
    <line>
      <![CDATA[Hello browser]]>
    </line>
  </reporter-output>
  <suite started-at="2024-05-27T17:44:25 IST" name="Surefire suite" finished-at="2024-05-27T17:44:53 IST" duration-ms="27300">
    <groups>
    </groups>
    <test started-at="2024-05-27T17:44:25 IST" name="Surefire test" finished-at="2024-05-27T17:44:53 IST" duration-ms="27300">
      <class name="IT.Run_Test">
        <test-method signature="run()[pri:0, instance:IT.Run_Test@7d3a22a9]" started-at="2024-05-27T17:44:25 IST" name="run" finished-at="2024-05-27T17:44:53 IST" duration-ms="27249" status="PASS">
          <reporter-output>
            <line>
              <![CDATA[Hello browser]]>
            </line>
          </reporter-output>
        </test-method> <!-- run -->
      </class> <!-- IT.Run_Test -->
    </test> <!-- Surefire test -->
  </suite> <!-- Surefire suite -->
</testng-results>
