<?xml version="1.0" encoding="UTF-8"?>
<testng-results ignored="0" total="1" passed="1" failed="0" skipped="0">
  <reporter-output>
  </reporter-output>
  <suite started-at="2024-04-18T12:51:19 IST" name="Default suite" finished-at="2024-04-18T12:51:19 IST" duration-ms="187">
    <groups>
    </groups>
    <test started-at="2024-04-18T12:51:19 IST" name="Default test" finished-at="2024-04-18T12:51:19 IST" duration-ms="187">
      <class name="FT.Run">
        <test-method signature="run()[pri:0, instance:FT.Run@2a265ea9]" started-at="2024-04-18T12:51:19 IST" name="run" finished-at="2024-04-18T12:51:19 IST" duration-ms="18" status="PASS">
          <reporter-output>
          </reporter-output>
        </test-method> <!-- run -->
      </class> <!-- FT.Run -->
    </test> <!-- Default test -->
  </suite> <!-- Default suite -->
</testng-results>
